mode: set
github.com/mdokusV/dices-game/game/game.go:19.40,22.30 2 1
github.com/mdokusV/dices-game/game/game.go:22.30,29.28 2 1
github.com/mdokusV/dices-game/game/game.go:29.28,32.4 2 1
github.com/mdokusV/dices-game/game/game.go:33.3,33.31 1 1
github.com/mdokusV/dices-game/game/game.go:35.2,35.20 1 1
github.com/mdokusV/dices-game/game/game.go:38.24,55.42 3 1
github.com/mdokusV/dices-game/game/game.go:55.42,57.3 1 1
github.com/mdokusV/dices-game/game/game.go:60.46,77.44 3 1
github.com/mdokusV/dices-game/game/game.go:77.44,79.40 2 1
github.com/mdokusV/dices-game/game/game.go:79.40,81.4 1 0
github.com/mdokusV/dices-game/game/game.go:82.3,82.16 1 1
github.com/mdokusV/dices-game/game/game.go:86.53,88.41 1 1
github.com/mdokusV/dices-game/game/game.go:88.41,89.18 1 1
github.com/mdokusV/dices-game/game/game.go:89.18,91.4 1 1
github.com/mdokusV/dices-game/game/game.go:93.2,93.35 1 1
github.com/mdokusV/dices-game/game/game.go:96.33,123.27 8 0
github.com/mdokusV/dices-game/game/game.go:123.27,129.3 5 0
github.com/mdokusV/dices-game/game/game.go:135.40,138.16 3 0
github.com/mdokusV/dices-game/game/game.go:138.16,140.52 2 0
github.com/mdokusV/dices-game/game/game.go:140.52,142.12 2 0
github.com/mdokusV/dices-game/game/game.go:144.3,144.41 1 0
github.com/mdokusV/dices-game/game/game.go:144.41,146.12 2 0
github.com/mdokusV/dices-game/game/game.go:148.3,148.18 1 0
github.com/mdokusV/dices-game/game/game.go:150.2,150.25 1 0
github.com/mdokusV/dices-game/helpers/reverseSort.go:5.31,6.40 1 1
github.com/mdokusV/dices-game/helpers/reverseSort.go:6.40,8.3 1 1
github.com/mdokusV/dices-game/states/state.go:7.38,9.35 2 1
github.com/mdokusV/dices-game/states/state.go:9.35,11.29 2 1
github.com/mdokusV/dices-game/states/state.go:11.29,13.4 1 1
github.com/mdokusV/dices-game/states/state.go:15.2,15.10 1 1
github.com/mdokusV/dices-game/states/state.go:18.38,23.36 4 1
github.com/mdokusV/dices-game/states/state.go:23.36,25.30 2 1
github.com/mdokusV/dices-game/states/state.go:25.30,29.4 3 1
github.com/mdokusV/dices-game/states/state.go:30.3,30.17 1 1
github.com/mdokusV/dices-game/states/state.go:30.17,32.4 1 1
github.com/mdokusV/dices-game/states/state.go:34.2,34.10 1 1
github.com/mdokusV/dices-game/states/state.go:37.42,39.35 2 1
github.com/mdokusV/dices-game/states/state.go:39.35,41.29 2 1
github.com/mdokusV/dices-game/states/state.go:41.29,43.4 1 1
github.com/mdokusV/dices-game/states/state.go:45.2,45.10 1 1
github.com/mdokusV/dices-game/states/state.go:48.44,49.26 1 1
github.com/mdokusV/dices-game/states/state.go:49.26,51.3 1 1
github.com/mdokusV/dices-game/states/state.go:52.2,52.39 1 1
github.com/mdokusV/dices-game/states/state.go:52.39,53.45 1 1
github.com/mdokusV/dices-game/states/state.go:53.45,55.4 1 1
github.com/mdokusV/dices-game/states/state.go:57.2,57.26 1 1
github.com/mdokusV/dices-game/states/state.go:60.42,61.26 1 1
github.com/mdokusV/dices-game/states/state.go:61.26,63.3 1 1
github.com/mdokusV/dices-game/states/state.go:64.2,64.39 1 1
github.com/mdokusV/dices-game/states/state.go:64.39,65.45 1 1
github.com/mdokusV/dices-game/states/state.go:65.45,67.4 1 1
github.com/mdokusV/dices-game/states/state.go:69.2,69.26 1 1
github.com/mdokusV/dices-game/states/state.go:72.40,76.36 3 1
github.com/mdokusV/dices-game/states/state.go:76.36,78.3 1 1
github.com/mdokusV/dices-game/states/state.go:79.2,79.41 1 1
github.com/mdokusV/dices-game/states/state.go:79.41,81.18 2 1
github.com/mdokusV/dices-game/states/state.go:81.18,83.4 1 1
github.com/mdokusV/dices-game/states/state.go:83.9,83.25 1 1
github.com/mdokusV/dices-game/states/state.go:83.25,85.4 1 1
github.com/mdokusV/dices-game/states/state.go:85.9,85.25 1 1
github.com/mdokusV/dices-game/states/state.go:85.25,87.4 1 1
github.com/mdokusV/dices-game/states/state.go:87.9,89.4 1 1
github.com/mdokusV/dices-game/states/state.go:92.2,92.24 1 1
github.com/mdokusV/dices-game/states/state.go:95.41,97.35 2 1
github.com/mdokusV/dices-game/states/state.go:97.35,99.29 2 1
github.com/mdokusV/dices-game/states/state.go:99.29,101.4 1 1
github.com/mdokusV/dices-game/states/state.go:103.2,103.10 1 1
github.com/mdokusV/dices-game/states/state.go:106.41,108.35 2 1
github.com/mdokusV/dices-game/states/state.go:108.35,110.29 2 1
github.com/mdokusV/dices-game/states/state.go:110.29,112.4 1 1
github.com/mdokusV/dices-game/states/state.go:114.2,114.10 1 1
github.com/mdokusV/dices-game/states/state.go:117.34,119.37 2 1
github.com/mdokusV/dices-game/states/state.go:119.37,120.19 1 1
github.com/mdokusV/dices-game/states/state.go:120.19,122.4 1 1
github.com/mdokusV/dices-game/states/state.go:123.3,123.18 1 1
github.com/mdokusV/dices-game/states/state.go:125.2,125.15 1 1
github.com/mdokusV/dices-game/states/state.go:128.35,130.37 2 1
github.com/mdokusV/dices-game/states/state.go:130.37,131.19 1 1
github.com/mdokusV/dices-game/states/state.go:131.19,133.4 1 1
github.com/mdokusV/dices-game/states/state.go:134.3,134.18 1 1
github.com/mdokusV/dices-game/states/state.go:136.2,136.15 1 1
github.com/mdokusV/dices-game/states/state.go:139.37,141.37 2 1
github.com/mdokusV/dices-game/states/state.go:141.37,143.3 1 1
github.com/mdokusV/dices-game/states/state.go:144.2,144.15 1 1
